<?xml version="1.0" encoding="UTF-8"?>
<testsuite xmlns:xsi="http://www.w3.org/2001/XMLSchema-instance" xsi:noNamespaceSchemaLocation="https://maven.apache.org/surefire/maven-surefire-plugin/xsd/surefire-test-report-3.0.xsd" version="3.0" name="TransferServiceTest" time="0.028" tests="1" errors="0" skipped="0" failures="0">
  <properties>
[...]
</properties>
  <testcase name="runTransfersTest" classname="TransferServiceTest" time="0.012">
    <system-out><![CDATA[В начале сумма средств на всех аккаунтах была: 3000 RUB
operationist-0 начал работу
operationist-1 начал работу
1 перевел 2 1 RUB
1 перевел 2 1 RUB
1 перевел 2 1 RUB
1 перевел 2 1 RUB
1 перевел 2 1 RUB
1 перевел 2 1 RUB
1 перевел 2 1 RUB
1 перевел 2 1 RUB
operationist-2 начал работу
1 перевел 2 1 RUB
1 перевел 2 1 RUB
1 перевел 2 1 RUB
1 перевел 2 1 RUB
1 перевел 2 1 RUB
1 перевел 2 1 RUB
1 перевел 2 1 RUB
1 перевел 2 1 RUB
1 перевел 2 1 RUB
1 перевел 2 1 RUB
1 перевел 2 1 RUB
operationist-3 начал работу
1 перевел 2 1 RUB
1 перевел 2 1 RUB
operationist-0 завершил работу
1 перевел 2 1 RUB
1 перевел 2 1 RUB
1 перевел 2 1 RUB
1 перевел 2 1 RUB
1 перевел 2 1 RUB
1 перевел 2 1 RUB
1 перевел 2 1 RUB
1 перевел 2 1 RUB
1 перевел 2 1 RUB
1 перевел 2 1 RUB
1 перевел 2 1 RUB
1 перевел 2 1 RUB
1 перевел 2 1 RUB
1 перевел 2 1 RUB
1 перевел 2 1 RUB
operationist-4 начал работу
operationist-2 завершил работу
1 перевел 2 1 RUB
1 перевел 2 1 RUB
operationist-1 завершил работу
1 перевел 2 1 RUB
1 перевел 2 1 RUB
1 перевел 2 1 RUB
1 перевел 2 1 RUB
1 перевел 2 1 RUB
1 перевел 2 1 RUB
1 перевел 2 1 RUB
1 перевел 2 1 RUB
1 перевел 2 1 RUB
operationist-3 завершил работу
1 перевел 2 1 RUB
1 перевел 2 1 RUB
1 перевел 2 1 RUB
operationist-4 завершил работу
Все операции завершены
После всех операций сумма средств на всех аккаунтах составляет: 3000 RUB
]]></system-out>
  </testcase>
</testsuite>